Using pre-set license
Built from '2020.3/staging' branch; Version is '2020.3.10f1 (297d780c91bc) revision 2719096'; Using compiler version '192528614'; Build Type 'Release'
OS: 'Windows 10 Home; OS build 19044.1766; Version 2009; 64bit' Language: 'en' Physical Memory: 8084 MB
BatchMode: 1, IsHumanControllingUs: 0, StartBugReporterOnCrash: 0, Is64bit: 1, IsPro: 0

 COMMAND LINE ARGUMENTS:
C:\Program Files\Unity\Hub\Editor\2020.3.10f1\Editor\Unity.exe
-adb2
-batchMode
-noUpm
-name
AssetImportWorker0
-projectPath
C:/Users/erdog/Downloads/JetPackCase
-logFile
Logs/AssetImportWorker0.log
-srvPort
54445
Successfully changed project path to: C:/Users/erdog/Downloads/JetPackCase
C:/Users/erdog/Downloads/JetPackCase
Using Asset Import Pipeline V2.
Refreshing native plugins compatible for Editor in 35.78 ms, found 2 plugins.
Preloading 0 native plugins for Editor in 0.00 ms.
Initialize engine version: 2020.3.10f1 (297d780c91bc)
[Subsystems] Discovering subsystems at path C:/Program Files/Unity/Hub/Editor/2020.3.10f1/Editor/Data/Resources/UnitySubsystems
[Subsystems] Discovering subsystems at path C:/Users/erdog/Downloads/JetPackCase/Assets
GfxDevice: creating device client; threaded=0
Direct3D:
    Version:  Direct3D 11.0 [level 11.1]
    Renderer: NVIDIA GeForce GTX 1050 (ID=0x1c8d)
    Vendor:   
    VRAM:     4019 MB
    Driver:   30.0.15.1289
Initialize mono
Mono path[0] = 'C:/Program Files/Unity/Hub/Editor/2020.3.10f1/Editor/Data/Managed'
Mono path[1] = 'C:/Program Files/Unity/Hub/Editor/2020.3.10f1/Editor/Data/MonoBleedingEdge/lib/mono/unityjit'
Mono config path = 'C:/Program Files/Unity/Hub/Editor/2020.3.10f1/Editor/Data/MonoBleedingEdge/etc'
Using monoOptions --debugger-agent=transport=dt_socket,embedding=1,server=y,suspend=n,address=127.0.0.1:56824
Begin MonoManager ReloadAssembly
Registering precompiled unity dll's ...
Register platform support module: C:/Program Files/Unity/Hub/Editor/2020.3.10f1/Editor/Data/PlaybackEngines/WindowsStandaloneSupport/UnityEditor.WindowsStandalone.Extensions.dll
Registered in 0.002150 seconds.
Native extension for WindowsStandalone target not found
Refreshing native plugins compatible for Editor in 30.56 ms, found 2 plugins.
Preloading 0 native plugins for Editor in 0.00 ms.
Mono: successfully reloaded assembly
- Completed reload, in  2.282 seconds
Platform modules already initialized, skipping
Registering precompiled user dll's ...
Registered in 0.003152 seconds.
Begin MonoManager ReloadAssembly
Native extension for WindowsStandalone target not found
Refreshing native plugins compatible for Editor in 0.35 ms, found 2 plugins.
Preloading 0 native plugins for Editor in 0.00 ms.
Mono: successfully reloaded assembly
- Completed reload, in  1.017 seconds
Platform modules already initialized, skipping
========================================================================
Worker process is ready to serve import requests
Launched and connected shader compiler UnityShaderCompiler.exe after 0.05 seconds
Refreshing native plugins compatible for Editor in 0.32 ms, found 2 plugins.
Preloading 0 native plugins for Editor in 0.00 ms.
Unloading 1677 Unused Serialized files (Serialized files now loaded: 0)
System memory in use before: 76.1 MB.
System memory in use after: 76.2 MB.

Unloading 17 unused Assets to reduce memory usage. Loaded Objects now: 2115.
Total: 1.840800 ms (FindLiveObjects: 0.158700 ms CreateObjectMapping: 0.054400 ms MarkObjects: 1.535700 ms  DeleteObjects: 0.091300 ms)

========================================================================
Received Import Request.
  path: Assets/Prefab/Grounds/Ground (3).prefab
  artifactKey: Guid(c7a8b83f137c6d74fbbb2addb4113122) Importer(815301076,1909f56bfc062723c751e8b465ee728b)
Start importing Assets/Prefab/Grounds/Ground (3).prefab using Guid(c7a8b83f137c6d74fbbb2addb4113122) Importer(815301076,1909f56bfc062723c751e8b465ee728b)  -> (artifact id: '0e44512f74ce47a80238cf2aafd189ee') in 0.096172 seconds
  Import took 0.107549 seconds .

========================================================================
Received Import Request.
  Time since last request: 0.000302 seconds.
  path: Assets/Prefab/Grounds/Ground (1).prefab
  artifactKey: Guid(6aef58f101d555543a1273db3954767f) Importer(815301076,1909f56bfc062723c751e8b465ee728b)
Start importing Assets/Prefab/Grounds/Ground (1).prefab using Guid(6aef58f101d555543a1273db3954767f) Importer(815301076,1909f56bfc062723c751e8b465ee728b)  -> (artifact id: 'c75a2915dd4e9deddfc32a2f5c200ae6') in 0.026556 seconds
  Import took 0.032854 seconds .

========================================================================
Received Import Request.
  Time since last request: 230.539782 seconds.
  path: Assets/Prefab/Grounds/GroundFinish.prefab
  artifactKey: Guid(a638c995fb7a63e42ad9c4b6d813985b) Importer(815301076,1909f56bfc062723c751e8b465ee728b)
Start importing Assets/Prefab/Grounds/GroundFinish.prefab using Guid(a638c995fb7a63e42ad9c4b6d813985b) Importer(815301076,1909f56bfc062723c751e8b465ee728b)  -> (artifact id: 'd542c7ac2018e8ae243c1994f98b31ec') in 0.054529 seconds
  Import took 0.058558 seconds .

========================================================================
Received Prepare
Registering precompiled user dll's ...
Registered in 0.003643 seconds.
Begin MonoManager ReloadAssembly
Native extension for WindowsStandalone target not found
Refreshing native plugins compatible for Editor in 0.34 ms, found 2 plugins.
Preloading 0 native plugins for Editor in 0.00 ms.
Mono: successfully reloaded assembly
- Completed reload, in  0.947 seconds
Platform modules already initialized, skipping
Switching build target platform(19) subTarget(0) extendedPlatform(0) -> platform(13) subTarget(537395200) extendedPlatform(0)
Refreshing native plugins compatible for Editor in 0.33 ms, found 2 plugins.
Preloading 0 native plugins for Editor in 0.00 ms.
Unloading 1659 Unused Serialized files (Serialized files now loaded: 0)
System memory in use before: 77.7 MB.
System memory in use after: 77.8 MB.

Unloading 12 unused Assets to reduce memory usage. Loaded Objects now: 2127.
Total: 2.969500 ms (FindLiveObjects: 0.158200 ms CreateObjectMapping: 0.054800 ms MarkObjects: 2.737900 ms  DeleteObjects: 0.017400 ms)

AssetImportParameters requested are different than current active one (requested -> active):
  custom:graphics/normal-map-encoding: 01000000000000000000000000000000 -> 02000000000000000000000000000000
========================================================================
Received Import Request.
  Time since last request: 10.456015 seconds.
  path: Assets/Prefab/Grounds/GroundFinish.prefab
  artifactKey: Guid(a638c995fb7a63e42ad9c4b6d813985b) Importer(815301076,1909f56bfc062723c751e8b465ee728b)
Start importing Assets/Prefab/Grounds/GroundFinish.prefab using Guid(a638c995fb7a63e42ad9c4b6d813985b) Importer(815301076,1909f56bfc062723c751e8b465ee728b)  -> (artifact id: 'a2513e78451ebbc8c63d2511a67652d5') in 0.090363 seconds
  Import took 0.094604 seconds .

========================================================================
Received Import Request.
  Time since last request: 3.909292 seconds.
  path: Assets/Prefab/Grounds/GroundFinish.prefab
  artifactKey: Guid(a638c995fb7a63e42ad9c4b6d813985b) Importer(815301076,1909f56bfc062723c751e8b465ee728b)
Start importing Assets/Prefab/Grounds/GroundFinish.prefab using Guid(a638c995fb7a63e42ad9c4b6d813985b) Importer(815301076,1909f56bfc062723c751e8b465ee728b)  -> (artifact id: 'e1ee9820ca3e6dafd78cc70abf41166a') in 0.024120 seconds
  Import took 0.029605 seconds .

========================================================================
Received Import Request.
  Time since last request: 4.415715 seconds.
  path: Assets/Prefab/Grounds/GroundFinish.prefab
  artifactKey: Guid(a638c995fb7a63e42ad9c4b6d813985b) Importer(815301076,1909f56bfc062723c751e8b465ee728b)
Start importing Assets/Prefab/Grounds/GroundFinish.prefab using Guid(a638c995fb7a63e42ad9c4b6d813985b) Importer(815301076,1909f56bfc062723c751e8b465ee728b)  -> (artifact id: 'b9dbdbea1c76f23b7ca207b6f9ecc395') in 0.020449 seconds
  Import took 0.024647 seconds .

========================================================================
Received Import Request.
  Time since last request: 3.813410 seconds.
  path: Assets/Prefab/Grounds/GroundFinish.prefab
  artifactKey: Guid(a638c995fb7a63e42ad9c4b6d813985b) Importer(815301076,1909f56bfc062723c751e8b465ee728b)
Start importing Assets/Prefab/Grounds/GroundFinish.prefab using Guid(a638c995fb7a63e42ad9c4b6d813985b) Importer(815301076,1909f56bfc062723c751e8b465ee728b)  -> (artifact id: 'cee1c9377f2360fe3c1e2064038d6995') in 0.013424 seconds
  Import took 0.017646 seconds .

========================================================================
Received Import Request.
  Time since last request: 3.062377 seconds.
  path: Assets/Prefab/Grounds/GroundFinish.prefab
  artifactKey: Guid(a638c995fb7a63e42ad9c4b6d813985b) Importer(815301076,1909f56bfc062723c751e8b465ee728b)
Start importing Assets/Prefab/Grounds/GroundFinish.prefab using Guid(a638c995fb7a63e42ad9c4b6d813985b) Importer(815301076,1909f56bfc062723c751e8b465ee728b)  -> (artifact id: 'cafdd3b9e8ec5c146597269ffeff9ba2') in 0.054466 seconds
  Import took 0.058451 seconds .

========================================================================
Received Import Request.
  Time since last request: 2.762074 seconds.
  path: Assets/Prefab/Grounds/GroundFinish.prefab
  artifactKey: Guid(a638c995fb7a63e42ad9c4b6d813985b) Importer(815301076,1909f56bfc062723c751e8b465ee728b)
Start importing Assets/Prefab/Grounds/GroundFinish.prefab using Guid(a638c995fb7a63e42ad9c4b6d813985b) Importer(815301076,1909f56bfc062723c751e8b465ee728b)  -> (artifact id: 'e2575a80626b1774260f6e04bc84ea8e') in 0.042092 seconds
  Import took 0.048137 seconds .

========================================================================
Received Import Request.
  Time since last request: 3.383958 seconds.
  path: Assets/Prefab/Grounds/GroundFinish.prefab
  artifactKey: Guid(a638c995fb7a63e42ad9c4b6d813985b) Importer(815301076,1909f56bfc062723c751e8b465ee728b)
Start importing Assets/Prefab/Grounds/GroundFinish.prefab using Guid(a638c995fb7a63e42ad9c4b6d813985b) Importer(815301076,1909f56bfc062723c751e8b465ee728b)  -> (artifact id: '926c0a0b911b6d292240d64a5abac1e3') in 0.041633 seconds
  Import took 0.047564 seconds .

========================================================================
Received Import Request.
  Time since last request: 5.847420 seconds.
  path: Assets/Prefab/Grounds/GroundFinish.prefab
  artifactKey: Guid(a638c995fb7a63e42ad9c4b6d813985b) Importer(815301076,1909f56bfc062723c751e8b465ee728b)
Start importing Assets/Prefab/Grounds/GroundFinish.prefab using Guid(a638c995fb7a63e42ad9c4b6d813985b) Importer(815301076,1909f56bfc062723c751e8b465ee728b)  -> (artifact id: '95e16f9e7e3e9081f06496fac7e13d52') in 0.018150 seconds
  Import took 0.022556 seconds .

========================================================================
Received Import Request.
  Time since last request: 2.803457 seconds.
  path: Assets/Prefab/Grounds/GroundFinish.prefab
  artifactKey: Guid(a638c995fb7a63e42ad9c4b6d813985b) Importer(815301076,1909f56bfc062723c751e8b465ee728b)
Start importing Assets/Prefab/Grounds/GroundFinish.prefab using Guid(a638c995fb7a63e42ad9c4b6d813985b) Importer(815301076,1909f56bfc062723c751e8b465ee728b)  -> (artifact id: '44b9572fb6888780a2dfe1458e6bbb99') in 0.020708 seconds
  Import took 0.024642 seconds .

========================================================================
Received Import Request.
  Time since last request: 1.993782 seconds.
  path: Assets/Prefab/Grounds/GroundFinish.prefab
  artifactKey: Guid(a638c995fb7a63e42ad9c4b6d813985b) Importer(815301076,1909f56bfc062723c751e8b465ee728b)
Start importing Assets/Prefab/Grounds/GroundFinish.prefab using Guid(a638c995fb7a63e42ad9c4b6d813985b) Importer(815301076,1909f56bfc062723c751e8b465ee728b)  -> (artifact id: '5f0ebe90a9dc7500037e4e4355270c6c') in 0.018176 seconds
  Import took 0.022135 seconds .

========================================================================
Received Import Request.
  Time since last request: 8.722886 seconds.
  path: Assets/Prefab/Grounds/GroundFinish.prefab
  artifactKey: Guid(a638c995fb7a63e42ad9c4b6d813985b) Importer(815301076,1909f56bfc062723c751e8b465ee728b)
Start importing Assets/Prefab/Grounds/GroundFinish.prefab using Guid(a638c995fb7a63e42ad9c4b6d813985b) Importer(815301076,1909f56bfc062723c751e8b465ee728b)  -> (artifact id: 'ad681de6e038a7181f74276c1d8a4997') in 0.024836 seconds
  Import took 0.029398 seconds .

========================================================================
Received Import Request.
  Time since last request: 7.298724 seconds.
  path: Assets/Prefab/Grounds/GroundFinish.prefab
  artifactKey: Guid(a638c995fb7a63e42ad9c4b6d813985b) Importer(815301076,1909f56bfc062723c751e8b465ee728b)
Start importing Assets/Prefab/Grounds/GroundFinish.prefab using Guid(a638c995fb7a63e42ad9c4b6d813985b) Importer(815301076,1909f56bfc062723c751e8b465ee728b)  -> (artifact id: '5f3f4d69e2fb8b6ec58de26dcb8ec59f') in 0.016598 seconds
  Import took 0.021790 seconds .

========================================================================
Received Import Request.
  Time since last request: 6.442431 seconds.
  path: Assets/Prefab/Grounds/GroundFinish.prefab
  artifactKey: Guid(a638c995fb7a63e42ad9c4b6d813985b) Importer(815301076,1909f56bfc062723c751e8b465ee728b)
Start importing Assets/Prefab/Grounds/GroundFinish.prefab using Guid(a638c995fb7a63e42ad9c4b6d813985b) Importer(815301076,1909f56bfc062723c751e8b465ee728b)  -> (artifact id: '33a8b41a88ea88c9a4d72b6f0e9f99aa') in 0.020841 seconds
  Import took 0.025802 seconds .

========================================================================
Received Import Request.
  Time since last request: 4.214002 seconds.
  path: Assets/Prefab/Grounds/GroundFinish.prefab
  artifactKey: Guid(a638c995fb7a63e42ad9c4b6d813985b) Importer(815301076,1909f56bfc062723c751e8b465ee728b)
Start importing Assets/Prefab/Grounds/GroundFinish.prefab using Guid(a638c995fb7a63e42ad9c4b6d813985b) Importer(815301076,1909f56bfc062723c751e8b465ee728b)  -> (artifact id: '5c4dcf6e5d886060b38cf17942f7cc95') in 0.019075 seconds
  Import took 0.023816 seconds .

========================================================================
Received Import Request.
  Time since last request: 2.595321 seconds.
  path: Assets/Prefab/Grounds/GroundFinish.prefab
  artifactKey: Guid(a638c995fb7a63e42ad9c4b6d813985b) Importer(815301076,1909f56bfc062723c751e8b465ee728b)
Start importing Assets/Prefab/Grounds/GroundFinish.prefab using Guid(a638c995fb7a63e42ad9c4b6d813985b) Importer(815301076,1909f56bfc062723c751e8b465ee728b)  -> (artifact id: '4d022c4200e85fee1f3e4ca1edecdf48') in 0.023566 seconds
  Import took 0.028475 seconds .

========================================================================
Received Import Request.
  Time since last request: 4.022268 seconds.
  path: Assets/Prefab/Grounds/GroundFinish.prefab
  artifactKey: Guid(a638c995fb7a63e42ad9c4b6d813985b) Importer(815301076,1909f56bfc062723c751e8b465ee728b)
Start importing Assets/Prefab/Grounds/GroundFinish.prefab using Guid(a638c995fb7a63e42ad9c4b6d813985b) Importer(815301076,1909f56bfc062723c751e8b465ee728b)  -> (artifact id: 'c9129c991fc75149b34c8cfa6de35a91') in 0.019913 seconds
  Import took 0.024618 seconds .

========================================================================
Received Import Request.
  Time since last request: 13.703989 seconds.
  path: Assets/Prefab/Grounds/GroundFinish.prefab
  artifactKey: Guid(a638c995fb7a63e42ad9c4b6d813985b) Importer(815301076,1909f56bfc062723c751e8b465ee728b)
Start importing Assets/Prefab/Grounds/GroundFinish.prefab using Guid(a638c995fb7a63e42ad9c4b6d813985b) Importer(815301076,1909f56bfc062723c751e8b465ee728b)  -> (artifact id: 'dee5f0619fb079e0850ae47eed7e358c') in 0.017379 seconds
  Import took 0.022354 seconds .

========================================================================
Received Prepare
Registering precompiled user dll's ...
Registered in 0.003007 seconds.
Begin MonoManager ReloadAssembly
Native extension for WindowsStandalone target not found
Refreshing native plugins compatible for Editor in 0.49 ms, found 2 plugins.
Preloading 0 native plugins for Editor in 0.00 ms.
Mono: successfully reloaded assembly
- Completed reload, in  0.971 seconds
Platform modules already initialized, skipping
Switching build target platform(19) subTarget(0) extendedPlatform(0) -> platform(13) subTarget(537395200) extendedPlatform(0)
Refreshing native plugins compatible for Editor in 0.33 ms, found 2 plugins.
Preloading 0 native plugins for Editor in 0.00 ms.
Unloading 1659 Unused Serialized files (Serialized files now loaded: 0)
System memory in use before: 77.8 MB.
System memory in use after: 77.9 MB.

Unloading 12 unused Assets to reduce memory usage. Loaded Objects now: 2130.
Total: 2.049600 ms (FindLiveObjects: 0.159300 ms CreateObjectMapping: 0.055000 ms MarkObjects: 1.820300 ms  DeleteObjects: 0.014000 ms)

AssetImportParameters requested are different than current active one (requested -> active):
  custom:graphics/normal-map-encoding: 01000000000000000000000000000000 -> 02000000000000000000000000000000
========================================================================
Received Prepare
Registering precompiled user dll's ...
Registered in 0.002981 seconds.
Begin MonoManager ReloadAssembly
Native extension for WindowsStandalone target not found
Refreshing native plugins compatible for Editor in 0.32 ms, found 2 plugins.
Preloading 0 native plugins for Editor in 0.00 ms.
Mono: successfully reloaded assembly
- Completed reload, in  0.948 seconds
Platform modules already initialized, skipping
Switching build target platform(19) subTarget(0) extendedPlatform(0) -> platform(13) subTarget(537395200) extendedPlatform(0)
Refreshing native plugins compatible for Editor in 0.34 ms, found 2 plugins.
Preloading 0 native plugins for Editor in 0.00 ms.
Unloading 1659 Unused Serialized files (Serialized files now loaded: 0)
System memory in use before: 77.8 MB.
System memory in use after: 77.9 MB.

Unloading 12 unused Assets to reduce memory usage. Loaded Objects now: 2132.
Total: 2.370100 ms (FindLiveObjects: 0.211800 ms CreateObjectMapping: 0.064900 ms MarkObjects: 2.079100 ms  DeleteObjects: 0.013500 ms)

AssetImportParameters requested are different than current active one (requested -> active):
  custom:graphics/normal-map-encoding: 01000000000000000000000000000000 -> 02000000000000000000000000000000
AssetImportWorkerClient::OnTransportError - code=2 error=End of file
