Using pre-set license
Built from '2020.3/staging' branch; Version is '2020.3.10f1 (297d780c91bc) revision 2719096'; Using compiler version '192528614'; Build Type 'Release'
OS: 'Windows 10 Home; OS build 19044.1766; Version 2009; 64bit' Language: 'en' Physical Memory: 8084 MB
BatchMode: 1, IsHumanControllingUs: 0, StartBugReporterOnCrash: 0, Is64bit: 1, IsPro: 0

 COMMAND LINE ARGUMENTS:
C:\Program Files\Unity\Hub\Editor\2020.3.10f1\Editor\Unity.exe
-adb2
-batchMode
-noUpm
-name
AssetImportWorker0
-projectPath
C:/Users/erdog/Downloads/JetPackCase
-logFile
Logs/AssetImportWorker0.log
-srvPort
60906
Successfully changed project path to: C:/Users/erdog/Downloads/JetPackCase
C:/Users/erdog/Downloads/JetPackCase
Using Asset Import Pipeline V2.
Refreshing native plugins compatible for Editor in 34.82 ms, found 2 plugins.
Preloading 0 native plugins for Editor in 0.00 ms.
Initialize engine version: 2020.3.10f1 (297d780c91bc)
[Subsystems] Discovering subsystems at path C:/Program Files/Unity/Hub/Editor/2020.3.10f1/Editor/Data/Resources/UnitySubsystems
[Subsystems] Discovering subsystems at path C:/Users/erdog/Downloads/JetPackCase/Assets
GfxDevice: creating device client; threaded=0
Direct3D:
    Version:  Direct3D 11.0 [level 11.1]
    Renderer: NVIDIA GeForce GTX 1050 (ID=0x1c8d)
    Vendor:   
    VRAM:     4019 MB
    Driver:   30.0.15.1289
Initialize mono
Mono path[0] = 'C:/Program Files/Unity/Hub/Editor/2020.3.10f1/Editor/Data/Managed'
Mono path[1] = 'C:/Program Files/Unity/Hub/Editor/2020.3.10f1/Editor/Data/MonoBleedingEdge/lib/mono/unityjit'
Mono config path = 'C:/Program Files/Unity/Hub/Editor/2020.3.10f1/Editor/Data/MonoBleedingEdge/etc'
Using monoOptions --debugger-agent=transport=dt_socket,embedding=1,server=y,suspend=n,address=127.0.0.1:56960
Begin MonoManager ReloadAssembly
Registering precompiled unity dll's ...
Register platform support module: C:/Program Files/Unity/Hub/Editor/2020.3.10f1/Editor/Data/PlaybackEngines/WindowsStandaloneSupport/UnityEditor.WindowsStandalone.Extensions.dll
Registered in 0.002222 seconds.
Native extension for WindowsStandalone target not found
Refreshing native plugins compatible for Editor in 33.00 ms, found 2 plugins.
Preloading 0 native plugins for Editor in 0.00 ms.
Mono: successfully reloaded assembly
- Completed reload, in  2.292 seconds
Platform modules already initialized, skipping
Registering precompiled user dll's ...
Registered in 0.003011 seconds.
Begin MonoManager ReloadAssembly
Native extension for WindowsStandalone target not found
Refreshing native plugins compatible for Editor in 0.39 ms, found 2 plugins.
Preloading 0 native plugins for Editor in 0.00 ms.
Mono: successfully reloaded assembly
- Completed reload, in  1.244 seconds
Platform modules already initialized, skipping
========================================================================
Worker process is ready to serve import requests
Launched and connected shader compiler UnityShaderCompiler.exe after 0.05 seconds
Refreshing native plugins compatible for Editor in 0.32 ms, found 2 plugins.
Preloading 0 native plugins for Editor in 0.00 ms.
Unloading 1677 Unused Serialized files (Serialized files now loaded: 0)
System memory in use before: 75.9 MB.
System memory in use after: 76.0 MB.

Unloading 17 unused Assets to reduce memory usage. Loaded Objects now: 2114.
Total: 2.290100 ms (FindLiveObjects: 0.156800 ms CreateObjectMapping: 0.055500 ms MarkObjects: 1.964300 ms  DeleteObjects: 0.112200 ms)

========================================================================
Received Import Request.
  path: Assets/Script/Collector/Finish.cs
  artifactKey: Guid(f9f1d9a53c5c63d4ca39c835cc4d2890) Importer(815301076,1909f56bfc062723c751e8b465ee728b)
Start importing Assets/Script/Collector/Finish.cs using Guid(f9f1d9a53c5c63d4ca39c835cc4d2890) Importer(815301076,1909f56bfc062723c751e8b465ee728b)  -> (artifact id: '056b2131c63efc712f0f9fc0ebb58f38') in 0.023912 seconds
  Import took 0.029415 seconds .

========================================================================
Received Prepare
Registering precompiled user dll's ...
Registered in 0.002899 seconds.
Begin MonoManager ReloadAssembly
Native extension for WindowsStandalone target not found
Refreshing native plugins compatible for Editor in 0.34 ms, found 2 plugins.
Preloading 0 native plugins for Editor in 0.00 ms.
Mono: successfully reloaded assembly
- Completed reload, in  1.047 seconds
Platform modules already initialized, skipping
Switching build target platform(19) subTarget(0) extendedPlatform(0) -> platform(13) subTarget(537395200) extendedPlatform(0)
Refreshing native plugins compatible for Editor in 0.37 ms, found 2 plugins.
Preloading 0 native plugins for Editor in 0.00 ms.
Unloading 1659 Unused Serialized files (Serialized files now loaded: 0)
System memory in use before: 74.4 MB.
System memory in use after: 74.5 MB.

Unloading 12 unused Assets to reduce memory usage. Loaded Objects now: 2116.
Total: 2.750100 ms (FindLiveObjects: 0.157000 ms CreateObjectMapping: 0.044900 ms MarkObjects: 2.524500 ms  DeleteObjects: 0.022900 ms)

AssetImportParameters requested are different than current active one (requested -> active):
  custom:graphics/normal-map-encoding: 01000000000000000000000000000000 -> 02000000000000000000000000000000
========================================================================
Received Import Request.
  Time since last request: 5.328041 seconds.
  path: Assets/Material/Wall.mat
  artifactKey: Guid(a5c0412a8785323448dce01f85d7d2d1) Importer(815301076,1909f56bfc062723c751e8b465ee728b)
Start importing Assets/Material/Wall.mat using Guid(a5c0412a8785323448dce01f85d7d2d1) Importer(815301076,1909f56bfc062723c751e8b465ee728b)  -> (artifact id: '03ea6cff935eada7e2dd1a054c9fd5c8') in 0.118126 seconds
  Import took 0.123053 seconds .

========================================================================
Received Import Request.
  Time since last request: 21.211498 seconds.
  path: Assets/Material/GamePlayLight.lighting
  artifactKey: Guid(57e18f115df8def4c9eaf9618cd64bb1) Importer(815301076,1909f56bfc062723c751e8b465ee728b)
Start importing Assets/Material/GamePlayLight.lighting using Guid(57e18f115df8def4c9eaf9618cd64bb1) Importer(815301076,1909f56bfc062723c751e8b465ee728b)  -> (artifact id: 'a2518ea0aefdf716df5aef89824a516c') in 0.011827 seconds
  Import took 0.016060 seconds .

========================================================================
Received Import Request.
  Time since last request: 116.644627 seconds.
  path: Assets/Material/Plane 1.mat
  artifactKey: Guid(59af17803fd16a84b924536bdb2806a8) Importer(815301076,1909f56bfc062723c751e8b465ee728b)
Start importing Assets/Material/Plane 1.mat using Guid(59af17803fd16a84b924536bdb2806a8) Importer(815301076,1909f56bfc062723c751e8b465ee728b)  -> (artifact id: '3c88484df30aad4ee9cb8d59be2112e4') in 0.027011 seconds
  Import took 0.033430 seconds .

========================================================================
Received Prepare
Registering precompiled user dll's ...
Registered in 0.002957 seconds.
Begin MonoManager ReloadAssembly
Native extension for WindowsStandalone target not found
Refreshing native plugins compatible for Editor in 0.37 ms, found 2 plugins.
Preloading 0 native plugins for Editor in 0.00 ms.
Mono: successfully reloaded assembly
- Completed reload, in  0.983 seconds
Platform modules already initialized, skipping
Switching build target platform(19) subTarget(0) extendedPlatform(0) -> platform(13) subTarget(537395200) extendedPlatform(0)
Refreshing native plugins compatible for Editor in 0.32 ms, found 2 plugins.
Preloading 0 native plugins for Editor in 0.00 ms.
Unloading 1659 Unused Serialized files (Serialized files now loaded: 0)
System memory in use before: 77.8 MB.
System memory in use after: 77.9 MB.

Unloading 12 unused Assets to reduce memory usage. Loaded Objects now: 2158.
Total: 2.385300 ms (FindLiveObjects: 0.187900 ms CreateObjectMapping: 0.062900 ms MarkObjects: 2.117300 ms  DeleteObjects: 0.015900 ms)

AssetImportParameters requested are different than current active one (requested -> active):
  custom:graphics/normal-map-encoding: 01000000000000000000000000000000 -> 02000000000000000000000000000000
========================================================================
Received Import Request.
  Time since last request: 79.708095 seconds.
  path: Assets/Material/UpGround.mat
  artifactKey: Guid(9dc6e001df41eaf4283d03bd5e79a359) Importer(815301076,1909f56bfc062723c751e8b465ee728b)
Start importing Assets/Material/UpGround.mat using Guid(9dc6e001df41eaf4283d03bd5e79a359) Importer(815301076,1909f56bfc062723c751e8b465ee728b)  -> (artifact id: '9a2b2eddae4f39d68c54abe442508b89') in 0.095630 seconds
  Import took 0.098771 seconds .

========================================================================
Received Prepare
Registering precompiled user dll's ...
Registered in 0.002805 seconds.
Begin MonoManager ReloadAssembly
Native extension for WindowsStandalone target not found
Refreshing native plugins compatible for Editor in 0.35 ms, found 2 plugins.
Preloading 0 native plugins for Editor in 0.00 ms.
Mono: successfully reloaded assembly
- Completed reload, in  0.947 seconds
Platform modules already initialized, skipping
Switching build target platform(19) subTarget(0) extendedPlatform(0) -> platform(13) subTarget(537395200) extendedPlatform(0)
Refreshing native plugins compatible for Editor in 0.36 ms, found 2 plugins.
Preloading 0 native plugins for Editor in 0.00 ms.
Unloading 1659 Unused Serialized files (Serialized files now loaded: 0)
System memory in use before: 77.8 MB.
System memory in use after: 77.9 MB.

Unloading 12 unused Assets to reduce memory usage. Loaded Objects now: 2162.
Total: 2.006400 ms (FindLiveObjects: 0.169500 ms CreateObjectMapping: 0.057300 ms MarkObjects: 1.765000 ms  DeleteObjects: 0.013500 ms)

AssetImportParameters requested are different than current active one (requested -> active):
  custom:graphics/normal-map-encoding: 01000000000000000000000000000000 -> 02000000000000000000000000000000
========================================================================
Received Import Request.
  Time since last request: 130.612519 seconds.
  path: Assets/Prefab/Grounds/Ground (1).prefab
  artifactKey: Guid(6aef58f101d555543a1273db3954767f) Importer(815301076,1909f56bfc062723c751e8b465ee728b)
Start importing Assets/Prefab/Grounds/Ground (1).prefab using Guid(6aef58f101d555543a1273db3954767f) Importer(815301076,1909f56bfc062723c751e8b465ee728b)  -> (artifact id: 'c98ec5af323fa8e3fd0d33397b316af6') in 0.070109 seconds
  Import took 0.076473 seconds .

========================================================================
Received Import Request.
  Time since last request: 0.000312 seconds.
  path: Assets/Prefab/Grounds/Ground 2.prefab
  artifactKey: Guid(56e24e7d05bd52f48843079e98946c08) Importer(815301076,1909f56bfc062723c751e8b465ee728b)
Start importing Assets/Prefab/Grounds/Ground 2.prefab using Guid(56e24e7d05bd52f48843079e98946c08) Importer(815301076,1909f56bfc062723c751e8b465ee728b)  -> (artifact id: '68ae76cae76484d096a1f9420df66393') in 0.021067 seconds
  Import took 0.025045 seconds .

========================================================================
Received Import Request.
  Time since last request: 0.000284 seconds.
  path: Assets/Prefab/Grounds/GroundFinish.prefab
  artifactKey: Guid(a638c995fb7a63e42ad9c4b6d813985b) Importer(815301076,1909f56bfc062723c751e8b465ee728b)
Start importing Assets/Prefab/Grounds/GroundFinish.prefab using Guid(a638c995fb7a63e42ad9c4b6d813985b) Importer(815301076,1909f56bfc062723c751e8b465ee728b)  -> (artifact id: 'f8b3a27d546d1a71ccad3a95f2875a33') in 0.026072 seconds
  Import took 0.030862 seconds .

========================================================================
Received Import Request.
  Time since last request: 0.000302 seconds.
  path: Assets/Prefab/Grounds/Ground 1.prefab
  artifactKey: Guid(1d6589d64126e0c47ba8d825efb320c1) Importer(815301076,1909f56bfc062723c751e8b465ee728b)
Start importing Assets/Prefab/Grounds/Ground 1.prefab using Guid(1d6589d64126e0c47ba8d825efb320c1) Importer(815301076,1909f56bfc062723c751e8b465ee728b)  -> (artifact id: 'd2f42eb07d8f12cb9f828c5877fa6c04') in 0.019507 seconds
  Import took 0.025584 seconds .

========================================================================
Received Import Request.
  Time since last request: 0.000343 seconds.
  path: Assets/Prefab/Grounds/Plane.prefab
  artifactKey: Guid(decc365355987e145901c3c870f714ec) Importer(815301076,1909f56bfc062723c751e8b465ee728b)
Start importing Assets/Prefab/Grounds/Plane.prefab using Guid(decc365355987e145901c3c870f714ec) Importer(815301076,1909f56bfc062723c751e8b465ee728b)  -> (artifact id: '2f4eb8730fbfaaf45daf09c66cd3d9c2') in 0.020189 seconds
  Import took 0.024927 seconds .

========================================================================
Received Import Request.
  Time since last request: 0.000262 seconds.
  path: Assets/Prefab/Grounds/Ground.prefab
  artifactKey: Guid(79efe51bfb7d05545a36b37a60492df7) Importer(815301076,1909f56bfc062723c751e8b465ee728b)
Start importing Assets/Prefab/Grounds/Ground.prefab using Guid(79efe51bfb7d05545a36b37a60492df7) Importer(815301076,1909f56bfc062723c751e8b465ee728b)  -> (artifact id: '78ef14014c4e39d8baffd1918804c527') in 0.020125 seconds
  Import took 0.029593 seconds .

========================================================================
Received Import Request.
  Time since last request: 0.000352 seconds.
  path: Assets/Prefab/Grounds/Ground (3).prefab
  artifactKey: Guid(c7a8b83f137c6d74fbbb2addb4113122) Importer(815301076,1909f56bfc062723c751e8b465ee728b)
Start importing Assets/Prefab/Grounds/Ground (3).prefab using Guid(c7a8b83f137c6d74fbbb2addb4113122) Importer(815301076,1909f56bfc062723c751e8b465ee728b)  -> (artifact id: 'd9c1149304cec48510e4c69062e83648') in 0.021108 seconds
  Import took 0.027085 seconds .

========================================================================
Received Prepare
Registering precompiled user dll's ...
Registered in 0.005541 seconds.
Begin MonoManager ReloadAssembly
Native extension for WindowsStandalone target not found
Refreshing native plugins compatible for Editor in 0.54 ms, found 2 plugins.
Preloading 0 native plugins for Editor in 0.00 ms.
Mono: successfully reloaded assembly
- Completed reload, in  1.318 seconds
Platform modules already initialized, skipping
Switching build target platform(19) subTarget(0) extendedPlatform(0) -> platform(13) subTarget(537395200) extendedPlatform(0)
Refreshing native plugins compatible for Editor in 0.33 ms, found 2 plugins.
Preloading 0 native plugins for Editor in 0.00 ms.
Unloading 1659 Unused Serialized files (Serialized files now loaded: 0)
System memory in use before: 78.0 MB.
System memory in use after: 78.1 MB.

Unloading 13 unused Assets to reduce memory usage. Loaded Objects now: 2168.
Total: 2.299600 ms (FindLiveObjects: 0.519300 ms CreateObjectMapping: 0.111300 ms MarkObjects: 1.635100 ms  DeleteObjects: 0.032700 ms)

AssetImportParameters requested are different than current active one (requested -> active):
  custom:graphics/normal-map-encoding: 01000000000000000000000000000000 -> 02000000000000000000000000000000
========================================================================
Received Import Request.
  Time since last request: 7.509898 seconds.
  path: Assets/Prefab/Grounds/Ground 2.prefab
  artifactKey: Guid(56e24e7d05bd52f48843079e98946c08) Importer(815301076,1909f56bfc062723c751e8b465ee728b)
Start importing Assets/Prefab/Grounds/Ground 2.prefab using Guid(56e24e7d05bd52f48843079e98946c08) Importer(815301076,1909f56bfc062723c751e8b465ee728b)  -> (artifact id: 'c62bf54c7202e6a15b31bbc8c43dd457') in 0.058287 seconds
  Import took 0.069372 seconds .

========================================================================
Received Import Request.
  Time since last request: 0.000311 seconds.
  path: Assets/Prefab/Grounds/GroundFinish.prefab
  artifactKey: Guid(a638c995fb7a63e42ad9c4b6d813985b) Importer(815301076,1909f56bfc062723c751e8b465ee728b)
Start importing Assets/Prefab/Grounds/GroundFinish.prefab using Guid(a638c995fb7a63e42ad9c4b6d813985b) Importer(815301076,1909f56bfc062723c751e8b465ee728b)  -> (artifact id: '1261a718843e176019cbe93603e05bbc') in 0.016302 seconds
  Import took 0.020361 seconds .

========================================================================
Received Import Request.
  Time since last request: 0.000418 seconds.
  path: Assets/Prefab/Grounds/Ground 1.prefab
  artifactKey: Guid(1d6589d64126e0c47ba8d825efb320c1) Importer(815301076,1909f56bfc062723c751e8b465ee728b)
Start importing Assets/Prefab/Grounds/Ground 1.prefab using Guid(1d6589d64126e0c47ba8d825efb320c1) Importer(815301076,1909f56bfc062723c751e8b465ee728b)  -> (artifact id: '65885ca65d08f57d747984ad0b98fd3a') in 0.019601 seconds
  Import took 0.024400 seconds .

========================================================================
Received Import Request.
  Time since last request: 0.000451 seconds.
  path: Assets/Prefab/Grounds/Plane.prefab
  artifactKey: Guid(decc365355987e145901c3c870f714ec) Importer(815301076,1909f56bfc062723c751e8b465ee728b)
Start importing Assets/Prefab/Grounds/Plane.prefab using Guid(decc365355987e145901c3c870f714ec) Importer(815301076,1909f56bfc062723c751e8b465ee728b)  -> (artifact id: 'c5632fa6204770ac9385f700954fad6a') in 0.015850 seconds
  Import took 0.021473 seconds .

========================================================================
Received Import Request.
  Time since last request: 0.000300 seconds.
  path: Assets/Prefab/Grounds/Ground.prefab
  artifactKey: Guid(79efe51bfb7d05545a36b37a60492df7) Importer(815301076,1909f56bfc062723c751e8b465ee728b)
Start importing Assets/Prefab/Grounds/Ground.prefab using Guid(79efe51bfb7d05545a36b37a60492df7) Importer(815301076,1909f56bfc062723c751e8b465ee728b)  -> (artifact id: '17f865b3692d8736454c0cbd2d8e92cb') in 0.020103 seconds
  Import took 0.027362 seconds .

========================================================================
Received Import Request.
  Time since last request: 10.313774 seconds.
  path: Assets/Prefab/Grounds/Ground 1.prefab
  artifactKey: Guid(1d6589d64126e0c47ba8d825efb320c1) Importer(815301076,1909f56bfc062723c751e8b465ee728b)
Start importing Assets/Prefab/Grounds/Ground 1.prefab using Guid(1d6589d64126e0c47ba8d825efb320c1) Importer(815301076,1909f56bfc062723c751e8b465ee728b)  -> (artifact id: '9d5884a8e1794c32cf17fbb0e3a776ce') in 0.018220 seconds
  Import took 0.024743 seconds .

========================================================================
Received Import Request.
  Time since last request: 0.000209 seconds.
  path: Assets/Prefab/Grounds/Ground 2.prefab
  artifactKey: Guid(56e24e7d05bd52f48843079e98946c08) Importer(815301076,1909f56bfc062723c751e8b465ee728b)
Start importing Assets/Prefab/Grounds/Ground 2.prefab using Guid(56e24e7d05bd52f48843079e98946c08) Importer(815301076,1909f56bfc062723c751e8b465ee728b)  -> (artifact id: '2fa30042f63faebc6e039bc53fc74b35') in 0.019970 seconds
  Import took 0.024498 seconds .

========================================================================
Received Import Request.
  Time since last request: 0.000379 seconds.
  path: Assets/Prefab/Grounds/GroundFinish.prefab
  artifactKey: Guid(a638c995fb7a63e42ad9c4b6d813985b) Importer(815301076,1909f56bfc062723c751e8b465ee728b)
Start importing Assets/Prefab/Grounds/GroundFinish.prefab using Guid(a638c995fb7a63e42ad9c4b6d813985b) Importer(815301076,1909f56bfc062723c751e8b465ee728b)  -> (artifact id: 'e1131a423be38a8ba448e895fd41eb05') in 0.013360 seconds
  Import took 0.017141 seconds .

========================================================================
Received Import Request.
  Time since last request: 0.000396 seconds.
  path: Assets/Prefab/Grounds/Plane.prefab
  artifactKey: Guid(decc365355987e145901c3c870f714ec) Importer(815301076,1909f56bfc062723c751e8b465ee728b)
Start importing Assets/Prefab/Grounds/Plane.prefab using Guid(decc365355987e145901c3c870f714ec) Importer(815301076,1909f56bfc062723c751e8b465ee728b)  -> (artifact id: '7b3b709c2f69d648c79d3d2b03156888') in 0.014567 seconds
  Import took 0.019268 seconds .

========================================================================
Received Import Request.
  Time since last request: 0.000292 seconds.
  path: Assets/Prefab/Grounds/Ground.prefab
  artifactKey: Guid(79efe51bfb7d05545a36b37a60492df7) Importer(815301076,1909f56bfc062723c751e8b465ee728b)
Start importing Assets/Prefab/Grounds/Ground.prefab using Guid(79efe51bfb7d05545a36b37a60492df7) Importer(815301076,1909f56bfc062723c751e8b465ee728b)  -> (artifact id: '8d8f5d676d9406a37ec8db4f1bfe2a95') in 0.016728 seconds
  Import took 0.021555 seconds .

========================================================================
Received Import Request.
  Time since last request: 2.722854 seconds.
  path: Assets/Prefab/Grounds/Ground 1.prefab
  artifactKey: Guid(1d6589d64126e0c47ba8d825efb320c1) Importer(815301076,1909f56bfc062723c751e8b465ee728b)
Start importing Assets/Prefab/Grounds/Ground 1.prefab using Guid(1d6589d64126e0c47ba8d825efb320c1) Importer(815301076,1909f56bfc062723c751e8b465ee728b)  -> (artifact id: 'd61c93f0fceecdd6403bf08942097568') in 0.018706 seconds
  Import took 0.024586 seconds .

========================================================================
Received Import Request.
  Time since last request: 0.000354 seconds.
  path: Assets/Prefab/Grounds/Ground 2.prefab
  artifactKey: Guid(56e24e7d05bd52f48843079e98946c08) Importer(815301076,1909f56bfc062723c751e8b465ee728b)
Start importing Assets/Prefab/Grounds/Ground 2.prefab using Guid(56e24e7d05bd52f48843079e98946c08) Importer(815301076,1909f56bfc062723c751e8b465ee728b)  -> (artifact id: 'ddbce8c61a088dd2e17643a24b61ae22') in 0.022126 seconds
  Import took 0.027520 seconds .

========================================================================
Received Import Request.
  Time since last request: 0.000388 seconds.
  path: Assets/Prefab/Grounds/GroundFinish.prefab
  artifactKey: Guid(a638c995fb7a63e42ad9c4b6d813985b) Importer(815301076,1909f56bfc062723c751e8b465ee728b)
Start importing Assets/Prefab/Grounds/GroundFinish.prefab using Guid(a638c995fb7a63e42ad9c4b6d813985b) Importer(815301076,1909f56bfc062723c751e8b465ee728b)  -> (artifact id: '17ea1d024e0c0f31bb30284cdb71ce51') in 0.015525 seconds
  Import took 0.019286 seconds .

========================================================================
Received Import Request.
  Time since last request: 0.000444 seconds.
  path: Assets/Prefab/Grounds/Plane.prefab
  artifactKey: Guid(decc365355987e145901c3c870f714ec) Importer(815301076,1909f56bfc062723c751e8b465ee728b)
Start importing Assets/Prefab/Grounds/Plane.prefab using Guid(decc365355987e145901c3c870f714ec) Importer(815301076,1909f56bfc062723c751e8b465ee728b)  -> (artifact id: '2180df262b45b3a11312d2b46d17c1c5') in 0.013553 seconds
  Import took 0.019446 seconds .

========================================================================
Received Import Request.
  Time since last request: 0.000394 seconds.
  path: Assets/Prefab/Grounds/Ground.prefab
  artifactKey: Guid(79efe51bfb7d05545a36b37a60492df7) Importer(815301076,1909f56bfc062723c751e8b465ee728b)
Start importing Assets/Prefab/Grounds/Ground.prefab using Guid(79efe51bfb7d05545a36b37a60492df7) Importer(815301076,1909f56bfc062723c751e8b465ee728b)  -> (artifact id: '57adaf226fc10acdc98c2d591ef0c478') in 0.019755 seconds
  Import took 0.024985 seconds .

========================================================================
Received Import Request.
  Time since last request: 1.102887 seconds.
  path: Assets/Prefab/Grounds/Ground 1.prefab
  artifactKey: Guid(1d6589d64126e0c47ba8d825efb320c1) Importer(815301076,1909f56bfc062723c751e8b465ee728b)
Start importing Assets/Prefab/Grounds/Ground 1.prefab using Guid(1d6589d64126e0c47ba8d825efb320c1) Importer(815301076,1909f56bfc062723c751e8b465ee728b)  -> (artifact id: '8f143212624114b244e5b6091b7a998d') in 0.018966 seconds
  Import took 0.025579 seconds .

========================================================================
Received Import Request.
  Time since last request: 0.000305 seconds.
  path: Assets/Prefab/Grounds/Ground 2.prefab
  artifactKey: Guid(56e24e7d05bd52f48843079e98946c08) Importer(815301076,1909f56bfc062723c751e8b465ee728b)
Start importing Assets/Prefab/Grounds/Ground 2.prefab using Guid(56e24e7d05bd52f48843079e98946c08) Importer(815301076,1909f56bfc062723c751e8b465ee728b)  -> (artifact id: 'd771ba9204b3f92b8c2df110fb062872') in 0.019001 seconds
  Import took 0.023099 seconds .

========================================================================
Received Import Request.
  Time since last request: 0.000396 seconds.
  path: Assets/Prefab/Grounds/GroundFinish.prefab
  artifactKey: Guid(a638c995fb7a63e42ad9c4b6d813985b) Importer(815301076,1909f56bfc062723c751e8b465ee728b)
Start importing Assets/Prefab/Grounds/GroundFinish.prefab using Guid(a638c995fb7a63e42ad9c4b6d813985b) Importer(815301076,1909f56bfc062723c751e8b465ee728b)  -> (artifact id: '8df50b8ae5914d7245f3552546311376') in 0.015241 seconds
  Import took 0.020631 seconds .

========================================================================
Received Import Request.
  Time since last request: 0.000384 seconds.
  path: Assets/Prefab/Grounds/Plane.prefab
  artifactKey: Guid(decc365355987e145901c3c870f714ec) Importer(815301076,1909f56bfc062723c751e8b465ee728b)
Start importing Assets/Prefab/Grounds/Plane.prefab using Guid(decc365355987e145901c3c870f714ec) Importer(815301076,1909f56bfc062723c751e8b465ee728b)  -> (artifact id: '67bcc316a6afafc94381dfc0dcb18bbb') in 0.012002 seconds
  Import took 0.018585 seconds .

========================================================================
Received Import Request.
  Time since last request: 0.000436 seconds.
  path: Assets/Prefab/Grounds/Ground.prefab
  artifactKey: Guid(79efe51bfb7d05545a36b37a60492df7) Importer(815301076,1909f56bfc062723c751e8b465ee728b)
Start importing Assets/Prefab/Grounds/Ground.prefab using Guid(79efe51bfb7d05545a36b37a60492df7) Importer(815301076,1909f56bfc062723c751e8b465ee728b)  -> (artifact id: 'ebb735107cd83c587f30cea037dc2e8d') in 0.022637 seconds
  Import took 0.027407 seconds .

========================================================================
Received Prepare
Registering precompiled user dll's ...
Registered in 0.003445 seconds.
Begin MonoManager ReloadAssembly
Native extension for WindowsStandalone target not found
Refreshing native plugins compatible for Editor in 0.40 ms, found 2 plugins.
Preloading 0 native plugins for Editor in 0.00 ms.
Mono: successfully reloaded assembly
- Completed reload, in  0.999 seconds
Platform modules already initialized, skipping
Switching build target platform(19) subTarget(0) extendedPlatform(0) -> platform(13) subTarget(537395200) extendedPlatform(0)
Refreshing native plugins compatible for Editor in 0.33 ms, found 2 plugins.
Preloading 0 native plugins for Editor in 0.00 ms.
Unloading 1659 Unused Serialized files (Serialized files now loaded: 0)
System memory in use before: 78.1 MB.
System memory in use after: 78.2 MB.

Unloading 13 unused Assets to reduce memory usage. Loaded Objects now: 2171.
Total: 3.116000 ms (FindLiveObjects: 0.173000 ms CreateObjectMapping: 0.110500 ms MarkObjects: 2.810100 ms  DeleteObjects: 0.021200 ms)

AssetImportParameters requested are different than current active one (requested -> active):
  custom:graphics/normal-map-encoding: 01000000000000000000000000000000 -> 02000000000000000000000000000000
